Vivado Simulator 2019.2
Copyright 1986-1999, 2001-2019 Xilinx, Inc. All Rights Reserved.
Running: C:/Xilinx/Vivado/2019.2/bin/unwrapped/win64.o/xelab.exe -wto e3a8f8b9899f4de99d95328e4d95a686 --incr --debug typical --relax --mt 2 -L xil_defaultlib -L unisims_ver -L unimacro_ver -L secureip --snapshot unidad_de_control_main_tb_behav xil_defaultlib.unidad_de_control_main_tb xil_defaultlib.glbl -log elaborate.log 
Using 2 slave threads.
Starting static elaboration
Pass Through NonSizing Optimizer
Completed static elaboration
Starting simulation data flow analysis
Completed simulation data flow analysis
Time Resolution for simulation is 1ps
Compiling module xil_defaultlib.multiplexor
Compiling module xil_defaultlib.registro
Compiling module xil_defaultlib.restador
Compiling module xil_defaultlib.comparador2
Compiling module xil_defaultlib.control
Compiling module xil_defaultlib.registroa
Compiling module xil_defaultlib.sumador
Compiling module xil_defaultlib.comparador1
Compiling module xil_defaultlib.mux2x1
Compiling module xil_defaultlib.unidad_de_control_main
Compiling module xil_defaultlib.unidad_de_control_main_tb
Compiling module xil_defaultlib.glbl
Built simulation snapshot unidad_de_control_main_tb_behav
